<?xml version="1.0" encoding="UTF-8"?>
<!-- Generated by org.testng.reporters.JUnitReportReporter -->
<testsuite hostname="DESKTOP-9HD1UFT" name="DriverFactory.DriverScript" tests="1" failures="0" timestamp="13 Apr 2022 04:25:53 GMT" time="75.035" errors="0">
  <testcase name="startTest" time="75.035" classname="DriverFactory.DriverScript"/>
</testsuite> <!-- DriverFactory.DriverScript -->
